<?xml version="1.0" encoding="UTF-8"?>
<testng-results skipped="0" failed="0" total="1" passed="1">
  <reporter-output>
  </reporter-output>
  <suite name="Default suite" duration-ms="25" started-at="2015-10-26T16:45:53Z" finished-at="2015-10-26T16:45:53Z">
    <groups>
    </groups>
    <test name="Default test" duration-ms="25" started-at="2015-10-26T16:45:53Z" finished-at="2015-10-26T16:45:53Z">
      <class name="org.pom.TestCaller">
        <test-method status="PASS" signature="TestMethod2()[pri:0, instance:org.pom.TestCaller@3930015a]" name="TestMethod2" duration-ms="10" started-at="2015-10-26T09:45:53Z" finished-at="2015-10-26T09:45:53Z">
          <reporter-output>
          </reporter-output>
        </test-method> <!-- TestMethod2 -->
      </class> <!-- org.pom.TestCaller -->
    </test> <!-- Default test -->
  </suite> <!-- Default suite -->
</testng-results>
